<?xml version="1.0" encoding="UTF-8"?>
<!-- Generated by org.testng.reporters.JUnitXMLReporter -->
<testsuite ignored="0" hostname="DESKTOP-UMN6L1B" failures="0" tests="10" name="Amazon Tests" time="161.18" errors="0" timestamp="2025-09-01T22:35:59 IST">
  <testcase classname="com.amazon.test.AmazonSearchTest" name="test_Alphanumeric_Valid" time="5.475"/>
  <testcase classname="com.amazon.test.AmazonSearchTest" name="test_Department_Filter" time="16.911"/>
  <testcase classname="com.amazon.test.AmazonSearchTest" name="test_Invalid_NoResults" time="7.468"/>
  <testcase classname="com.amazon.test.AmazonSearchTest" name="test_LongString_Accepted" time="10.118"/>
  <testcase classname="com.amazon.test.AmazonSearchTest" name="test_Search_Empty_NoNavigation" time="3.072"/>
  <testcase classname="com.amazon.test.AmazonSearchTest" name="test_Search_Valid_Click" time="5.838"/>
  <testcase classname="com.amazon.test.AmazonSearchTest" name="test_Search_Valid_Enter" time="5.158"/>
  <testcase classname="com.amazon.test.AmazonSearchTest" name="test_Suggestions_SelectItem" time="6.141"/>
  <testcase classname="com.amazon.test.AmazonSearchTest" name="test_Suggestions_SingleChar" time="1.594"/>
  <testcase classname="com.amazon.test.AmazonSearchTest" name="test_Suggestions_UpdateOnMoreChars" time="2.658"/>
</testsuite> <!-- Amazon Tests -->
