<?xml version="1.0" encoding="UTF-8"?>
<testng-results ignored="0" total="8" passed="7" failed="1" skipped="0">
  <reporter-output>
  </reporter-output>
  <suite started-at="2025-09-05T23:35:39 IST" name="Amazon Cucumber Suite" finished-at="2025-09-05T23:40:20 IST" duration-ms="280990">
    <groups>
      <group name="cucumber">
        <method signature="AbstractTestNGCucumberTests.runScenario(io.cucumber.testng.PickleWrapper,io.cucumber.testng.FeatureWrapper)[pri:0, instance:runners.CucumberTestRunner@54d18072]" name="runScenario" class="io.cucumber.testng.AbstractTestNGCucumberTests"/>
      </group> <!-- cucumber -->
    </groups>
    <test started-at="2025-09-05T23:35:39 IST" name="Cucumber Features" finished-at="2025-09-05T23:40:20 IST" duration-ms="280990">
      <class name="runners.CucumberTestRunner">
        <test-method is-config="true" signature="setUpClass(org.testng.ITestContext)[pri:0, instance:runners.CucumberTestRunner@54d18072]" started-at="2025-09-05T23:35:39 IST" name="setUpClass" finished-at="2025-09-05T23:35:42 IST" duration-ms="3019" status="PASS">
          <params>
            <param index="0">
              <value>
                <![CDATA[org.testng.TestRunner@68cc6fa4]]>
              </value>
            </param>
          </params>
          <reporter-output>
          </reporter-output>
        </test-method> <!-- setUpClass -->
        <test-method signature="runScenario(io.cucumber.testng.PickleWrapper,io.cucumber.testng.FeatureWrapper)[pri:0, instance:runners.CucumberTestRunner@54d18072]" started-at="2025-09-05T23:35:42 IST" name="runScenario" description="Runs Cucumber Scenarios" data-provider="scenarios" finished-at="2025-09-05T23:36:46 IST" duration-ms="63715" status="FAIL">
          <params>
            <param index="0">
              <value>
                <![CDATA["Successful Book Purchase (Positive Flow)"]]>
              </value>
            </param>
            <param index="1">
              <value>
                <![CDATA["E-commerce Book Purchase Flow (Reduced)"]]>
              </value>
            </param>
          </params>
          <exception class="java.lang.AssertionError">
            <message>
              <![CDATA[Add to cart button not found on PDP.]]>
            </message>
            <full-stacktrace>
              <![CDATA[java.lang.AssertionError: Add to cart button not found on PDP.
at org.testng.Assert.fail(Assert.java:111)
at stepDefinitions.BookPurchaseSteps.i_add_the_book_to_cart(BookPurchaseSteps.java:116)
at ✽.I add the book to cart(file:///D:/maven%20practice/AmazonSearchAutomation/amazon-search-automation/src/test/resources/features/Flow.feature:9)
]]>
            </full-stacktrace>
          </exception> <!-- java.lang.AssertionError -->
          <reporter-output>
          </reporter-output>
        </test-method> <!-- runScenario -->
        <test-method signature="runScenario(io.cucumber.testng.PickleWrapper,io.cucumber.testng.FeatureWrapper)[pri:0, instance:runners.CucumberTestRunner@54d18072]" started-at="2025-09-05T23:36:46 IST" name="runScenario" description="Runs Cucumber Scenarios" data-provider="scenarios" finished-at="2025-09-05T23:37:41 IST" duration-ms="54795" status="PASS">
          <params>
            <param index="0">
              <value>
                <![CDATA["Invalid Login (Negative Flow)"]]>
              </value>
            </param>
            <param index="1">
              <value>
                <![CDATA["E-commerce Book Purchase Flow (Reduced)"]]>
              </value>
            </param>
          </params>
          <reporter-output>
          </reporter-output>
        </test-method> <!-- runScenario -->
        <test-method signature="runScenario(io.cucumber.testng.PickleWrapper,io.cucumber.testng.FeatureWrapper)[pri:0, instance:runners.CucumberTestRunner@54d18072]" started-at="2025-09-05T23:37:41 IST" name="runScenario" description="Runs Cucumber Scenarios" data-provider="scenarios" finished-at="2025-09-05T23:38:00 IST" duration-ms="19229" status="PASS">
          <params>
            <param index="0">
              <value>
                <![CDATA["Login with valid email and password"]]>
              </value>
            </param>
            <param index="1">
              <value>
                <![CDATA["Login Page Validation"]]>
              </value>
            </param>
          </params>
          <reporter-output>
          </reporter-output>
        </test-method> <!-- runScenario -->
        <test-method signature="runScenario(io.cucumber.testng.PickleWrapper,io.cucumber.testng.FeatureWrapper)[pri:0, instance:runners.CucumberTestRunner@54d18072]" started-at="2025-09-05T23:38:00 IST" name="runScenario" description="Runs Cucumber Scenarios" data-provider="scenarios" finished-at="2025-09-05T23:38:29 IST" duration-ms="29140" status="PASS">
          <params>
            <param index="0">
              <value>
                <![CDATA["Verify session persistence while browsing"]]>
              </value>
            </param>
            <param index="1">
              <value>
                <![CDATA["Login Page Validation"]]>
              </value>
            </param>
          </params>
          <reporter-output>
          </reporter-output>
        </test-method> <!-- runScenario -->
        <test-method signature="runScenario(io.cucumber.testng.PickleWrapper,io.cucumber.testng.FeatureWrapper)[pri:0, instance:runners.CucumberTestRunner@54d18072]" started-at="2025-09-05T23:38:29 IST" name="runScenario" description="Runs Cucumber Scenarios" data-provider="scenarios" finished-at="2025-09-05T23:38:55 IST" duration-ms="26299" status="PASS">
          <params>
            <param index="0">
              <value>
                <![CDATA["Login with blank fields"]]>
              </value>
            </param>
            <param index="1">
              <value>
                <![CDATA["Login Page Validation"]]>
              </value>
            </param>
          </params>
          <reporter-output>
          </reporter-output>
        </test-method> <!-- runScenario -->
        <test-method signature="runScenario(io.cucumber.testng.PickleWrapper,io.cucumber.testng.FeatureWrapper)[pri:0, instance:runners.CucumberTestRunner@54d18072]" started-at="2025-09-05T23:38:55 IST" name="runScenario" description="Runs Cucumber Scenarios" data-provider="scenarios" finished-at="2025-09-05T23:39:36 IST" duration-ms="40853" status="PASS">
          <params>
            <param index="0">
              <value>
                <![CDATA["Login with invalid email and password"]]>
              </value>
            </param>
            <param index="1">
              <value>
                <![CDATA["Login Page Validation"]]>
              </value>
            </param>
          </params>
          <reporter-output>
          </reporter-output>
        </test-method> <!-- runScenario -->
        <test-method signature="runScenario(io.cucumber.testng.PickleWrapper,io.cucumber.testng.FeatureWrapper)[pri:0, instance:runners.CucumberTestRunner@54d18072]" started-at="2025-09-05T23:39:36 IST" name="runScenario" description="Runs Cucumber Scenarios" data-provider="scenarios" finished-at="2025-09-05T23:40:00 IST" duration-ms="23451" status="PASS">
          <params>
            <param index="0">
              <value>
                <![CDATA["Login with locked account"]]>
              </value>
            </param>
            <param index="1">
              <value>
                <![CDATA["Login Page Validation"]]>
              </value>
            </param>
          </params>
          <reporter-output>
          </reporter-output>
        </test-method> <!-- runScenario -->
        <test-method signature="runScenario(io.cucumber.testng.PickleWrapper,io.cucumber.testng.FeatureWrapper)[pri:0, instance:runners.CucumberTestRunner@54d18072]" started-at="2025-09-05T23:40:00 IST" name="runScenario" description="Runs Cucumber Scenarios" data-provider="scenarios" finished-at="2025-09-05T23:40:19 IST" duration-ms="19541" status="PASS">
          <params>
            <param index="0">
              <value>
                <![CDATA["Register with blank details"]]>
              </value>
            </param>
            <param index="1">
              <value>
                <![CDATA["User Registration"]]>
              </value>
            </param>
          </params>
          <reporter-output>
          </reporter-output>
        </test-method> <!-- runScenario -->
        <test-method is-config="true" signature="tearDownClass()[pri:0, instance:runners.CucumberTestRunner@54d18072]" started-at="2025-09-05T23:40:19 IST" name="tearDownClass" finished-at="2025-09-05T23:40:20 IST" duration-ms="899" status="PASS">
          <reporter-output>
          </reporter-output>
        </test-method> <!-- tearDownClass -->
      </class> <!-- runners.CucumberTestRunner -->
    </test> <!-- Cucumber Features -->
  </suite> <!-- Amazon Cucumber Suite -->
</testng-results>
