<?xml version="1.0" encoding="UTF-8"?>
<testsuite xmlns:xsi="http://www.w3.org/2001/XMLSchema-instance" xsi:noNamespaceSchemaLocation="https://maven.apache.org/surefire/maven-surefire-plugin/xsd/surefire-test-report-3.0.xsd" version="3.0" name="TestSuite" time="282.15" tests="8" errors="0" skipped="0" failures="1">
  <properties>
[...]
</properties>
  <testcase name="runScenario[&quot;Successful Book Purchase (Positive Flow)&quot;, &quot;E-commerce Book Purchase Flow (Reduced)&quot;](1)" classname="runners.CucumberTestRunner" time="63.72">
    <failure message="Add to cart button not found on PDP." type="java.lang.AssertionError"><![CDATA[java.lang.AssertionError: Add to cart button not found on PDP.
	at org.testng.Assert.fail(Assert.java:111)
	at stepDefinitions.BookPurchaseSteps.i_add_the_book_to_cart(BookPurchaseSteps.java:116)
	at ✽.I add the book to cart(file:///D:/maven%20practice/AmazonSearchAutomation/amazon-search-automation/src/test/resources/features/Flow.feature:9)
]]></failure>
    <system-out><![CDATA[2025-09-05 23:35:39 INFO  org.testng.internal.Utils - [XmlSuite] [WARN] 'parallel' value 'false' is no longer valid, defaulting to 'none'.
2025-09-05 23:35:40 INFO  io.github.bonigarcia.wdm.WebDriverManager - Using chromedriver 140.0.7339.80 (resolved driver for Chrome 140)
2025-09-05 23:35:40 INFO  io.github.bonigarcia.wdm.WebDriverManager - Exporting webdriver.chrome.driver as C:\Users\intel\.cache\selenium\chromedriver\win64\140.0.7339.80\chromedriver.exe

@smoke @requiresLogin
Scenario: Successful Book Purchase (Positive Flow) # src/test/resources/features/Flow.feature:4
  Given I launch the application                   # stepDefinitions.CommonSteps.i_launch_the_application()
  And I login with valid credentials               # stepDefinitions.LoginSteps.i_login_with_valid_credentials()
  When I search for a book "Clean Code"            # stepDefinitions.SearchSteps.i_search_for_a_book(java.lang.String)
  And I select the book from results               # stepDefinitions.SearchSteps.i_select_the_book_from_results()
DEBUG: Could not find add-to-cart button on PDP. URL: https://www.amazon.in/events/greatindianfestival?_encoding=UTF8&_encoding=UTF8&ref_=in_pr_acq_gwhero_t1_gif_unrec_pc&pd_rd_w=qyQHE&content-id=amzn1.sym.e3d307ab-74d5-4250-b7fd-ddb13d8f8c78&pf_rd_p=e3d307ab-74d5-4250-b7fd-ddb13d8f8c78&pf_rd_r=38RR963T3S0WBB5F8E2K&pd_rd_wg=vu13O&pd_rd_r=b4a80b78-f5bd-4080-9f26-eba2b2d58dc9
  And I add the book to cart                       # stepDefinitions.BookPurchaseSteps.i_add_the_book_to_cart()
      java.lang.AssertionError: Add to cart button not found on PDP.
	at org.testng.Assert.fail(Assert.java:111)
	at stepDefinitions.BookPurchaseSteps.i_add_the_book_to_cart(BookPurchaseSteps.java:116)
	at âœ½.I add the book to cart(file:///D:/maven%20practice/AmazonSearchAutomation/amazon-search-automation/src/test/resources/features/Flow.feature:9)

  And I proceed to checkout                        # stepDefinitions.BookPurchaseSteps.i_proceed_to_checkout()
  And I enter valid shipping details               # stepDefinitions.BookPurchaseSteps.i_enter_valid_shipping_details()
  And I select payment method "Cash on Delivery"   # stepDefinitions.BookPurchaseSteps.i_select_payment_method(java.lang.String)
  And I review the order                           # stepDefinitions.BookPurchaseSteps.i_review_the_order()
  Then I place the order successfully              # stepDefinitions.BookPurchaseSteps.i_place_the_order_successfully()
  And I should see order confirmation message      # stepDefinitions.BookPurchaseSteps.i_should_see_order_confirmation_message()
]]></system-out>
    <system-err><![CDATA[Sep 05, 2025 11:35:42 PM org.openqa.selenium.devtools.CdpVersionFinder findNearestMatch
WARNING: Unable to find CDP implementation matching 140
Sep 05, 2025 11:35:42 PM org.openqa.selenium.chromium.ChromiumDriver lambda$new$5
WARNING: Unable to find version of CDP to use for 140.0.7339.80. You may need to include a dependency on a specific version of the CDP using something similar to `org.seleniumhq.selenium:selenium-devtools-v86:4.23.1` where the version ("v86") matches the version of the chromium-based browser you're using and the version number of the artifact is the same as Selenium's.
Extent XML not found; proceeding with defaults.
]]></system-err>
  </testcase>
  <testcase name="runScenario[&quot;Invalid Login (Negative Flow)&quot;, &quot;E-commerce Book Purchase Flow (Reduced)&quot;](2)" classname="runners.CucumberTestRunner" time="54.79">
    <system-out><![CDATA[
@negative @requiresLogin
Scenario: Invalid Login (Negative Flow)                                         # src/test/resources/features/Flow.feature:18
  Given I launch the application                                                # stepDefinitions.CommonSteps.i_launch_the_application()
[DEBUG] Captured login error text: ''
  And I try to login with invalid credentials "wrong@email.com" and "wrongpass" # stepDefinitions.LoginSteps.i_try_to_login_with_invalid_credentials_and(java.lang.String,java.lang.String)
[DEBUG] Captured login error text (assert): ''
  Then I should see login error message                                         # stepDefinitions.LoginSteps.i_should_see_login_error_message()
]]></system-out>
  </testcase>
  <testcase name="runScenario[&quot;Login with valid email and password&quot;, &quot;Login Page Validation&quot;](3)" classname="runners.CucumberTestRunner" time="19.229">
    <system-out><![CDATA[
@requiresLogin
Scenario: Login with valid email and password               # src/test/resources/features/login.feature:5
  Given I launch the application                            # stepDefinitions.CommonSteps.i_launch_the_application()
  When I enter email "8102429689" and password "Vishal@123" # stepDefinitions.LoginSteps.i_enter_email_and_password(java.lang.String,java.lang.String)
  And I click on login button                               # stepDefinitions.LoginSteps.i_click_on_login_button()
  Then I should be logged in successfully                   # stepDefinitions.LoginSteps.i_should_be_logged_in_successfully()
]]></system-out>
  </testcase>
  <testcase name="runScenario[&quot;Verify session persistence while browsing&quot;, &quot;Login Page Validation&quot;](4)" classname="runners.CucumberTestRunner" time="29.139">
    <system-out><![CDATA[
@requiresLogin
Scenario: Verify session persistence while browsing                      # src/test/resources/features/login.feature:11
  Given I am logged in with email "8102429689" and password "Vishal@123" # stepDefinitions.LoginSteps.i_am_logged_in_with_email_and_password(java.lang.String,java.lang.String)
  When I navigate to "Electronics" category                              # stepDefinitions.LoginSteps.i_navigate_to_category(java.lang.String)
  Then My session should remain active                                   # stepDefinitions.LoginSteps.my_session_should_remain_active()
]]></system-out>
  </testcase>
  <testcase name="runScenario[&quot;Login with blank fields&quot;, &quot;Login Page Validation&quot;](5)" classname="runners.CucumberTestRunner" time="26.299">
    <system-out><![CDATA[
@requiresLogin
Scenario: Login with blank fields                     # src/test/resources/features/login.feature:18
  Given I launch the application                      # stepDefinitions.CommonSteps.i_launch_the_application()
  When I try to login with blank email and password   # stepDefinitions.LoginSteps.i_try_to_login_with_blank_email_and_password()
[ASSERT ERROR] expected='Email/Password required' actual='identifier-empty'
  Then I should see "Email/Password required" message # stepDefinitions.LoginSteps.i_should_see_message(java.lang.String)
]]></system-out>
  </testcase>
  <testcase name="runScenario[&quot;Login with invalid email and password&quot;, &quot;Login Page Validation&quot;](6)" classname="runners.CucumberTestRunner" time="40.854">
    <system-out><![CDATA[
@requiresLogin
Scenario: Login with invalid email and password                       # src/test/resources/features/login.feature:23
  Given I launch the application                                      # stepDefinitions.CommonSteps.i_launch_the_application()
  When I enter email "wronguser@test.com" and password "WrongPass123" # stepDefinitions.LoginSteps.i_enter_email_and_password(java.lang.String,java.lang.String)
  And I click on login button                                         # stepDefinitions.LoginSteps.i_click_on_login_button()
[ASSERT ERROR] expected='Invalid credentials' actual='Enter your mobile number or email'
  Then I should see "Invalid credentials" error messagea              # stepDefinitions.LoginSteps.i_should_see_error_messagea(java.lang.String)
]]></system-out>
  </testcase>
  <testcase name="runScenario[&quot;Login with locked account&quot;, &quot;Login Page Validation&quot;](7)" classname="runners.CucumberTestRunner" time="23.451">
    <system-out><![CDATA[
@requiresLogin
Scenario: Login with locked account                                 # src/test/resources/features/login.feature:29
  Given I launch the application                                    # stepDefinitions.CommonSteps.i_launch_the_application()
  When I enter email "lockeduser@test.com" and password "Locked123" # stepDefinitions.LoginSteps.i_enter_email_and_password(java.lang.String,java.lang.String)
  And I click on login button                                       # stepDefinitions.LoginSteps.i_click_on_login_button()
[ASSERT ERROR] expected='Account locked' actual='We cannot find an account with that email address'
  Then I should see "Account locked" error message                  # stepDefinitions.LoginSteps.i_should_see_error_message(java.lang.String)
]]></system-out>
  </testcase>
  <testcase name="runScenario[&quot;Register with blank details&quot;, &quot;User Registration&quot;](8)" classname="runners.CucumberTestRunner" time="19.542">
    <system-out><![CDATA[
@requiresLogin
Scenario: Register with blank details                   # src/test/resources/features/registration.feature:4
  Given I launch the application                        # stepDefinitions.CommonSteps.i_launch_the_application()
  When I register with blank details                    # stepDefinitions.RegistrationSteps.i_register_with_blank_details()
  Then I should see mandatory field validation messages # stepDefinitions.RegistrationSteps.i_should_see_mandatory_field_validation_messages()
]]></system-out>
  </testcase>
</testsuite>